c:\users\tropi\documents\projectrepos\schoolprojects\game architecture\tristan&alex\finalproject\graphicslib\debug\graphicslib.pdb
c:\users\tropi\documents\projectrepos\schoolprojects\game architecture\tristan&alex\finalproject\graphicslib\debug\sprite.obj
c:\users\tropi\documents\projectrepos\schoolprojects\game architecture\tristan&alex\finalproject\graphicslib\debug\mouseevent.obj
c:\users\tropi\documents\projectrepos\schoolprojects\game architecture\tristan&alex\finalproject\graphicslib\debug\keypressevent.obj
c:\users\tropi\documents\projectrepos\schoolprojects\game architecture\tristan&alex\finalproject\graphicslib\debug\inputsystem.obj
c:\users\tropi\documents\projectrepos\schoolprojects\game architecture\tristan&alex\finalproject\graphicslib\debug\inputevent.obj
c:\users\tropi\documents\projectrepos\schoolprojects\game architecture\tristan&alex\finalproject\graphicslib\debug\graphicssystem.obj
c:\users\tropi\documents\projectrepos\schoolprojects\game architecture\tristan&alex\finalproject\graphicslib\debug\graphicsbuffermanager.obj
c:\users\tropi\documents\projectrepos\schoolprojects\game architecture\tristan&alex\finalproject\graphicslib\debug\graphicsbuffer.obj
c:\users\tropi\documents\projectrepos\schoolprojects\game architecture\tristan&alex\finalproject\graphicslib\debug\font.obj
c:\users\tropi\documents\projectrepos\schoolprojects\game architecture\tristan&alex\finalproject\graphicslib\debug\color.obj
c:\users\tropi\documents\projectrepos\schoolprojects\game architecture\tristan&alex\finalproject\graphicslib\debug\animationmanager.obj
c:\users\tropi\documents\projectrepos\schoolprojects\game architecture\tristan&alex\finalproject\graphicslib\debug\animationdata.obj
c:\users\tropi\documents\projectrepos\schoolprojects\game architecture\tristan&alex\finalproject\graphicslib\debug\animation.obj
c:\users\tropi\documents\projectrepos\schoolprojects\game architecture\tristan&alex\finalproject\graphicslib\debug\graphicslib.lib
c:\users\tropi\documents\projectrepos\schoolprojects\game architecture\tristan&alex\finalproject\graphicslib\debug\graphicslib.tlog\cl.command.1.tlog
c:\users\tropi\documents\projectrepos\schoolprojects\game architecture\tristan&alex\finalproject\graphicslib\debug\graphicslib.tlog\cl.items.tlog
c:\users\tropi\documents\projectrepos\schoolprojects\game architecture\tristan&alex\finalproject\graphicslib\debug\graphicslib.tlog\cl.read.1.tlog
c:\users\tropi\documents\projectrepos\schoolprojects\game architecture\tristan&alex\finalproject\graphicslib\debug\graphicslib.tlog\cl.write.1.tlog
c:\users\tropi\documents\projectrepos\schoolprojects\game architecture\tristan&alex\finalproject\graphicslib\debug\graphicslib.tlog\lib-link.read.1.tlog
c:\users\tropi\documents\projectrepos\schoolprojects\game architecture\tristan&alex\finalproject\graphicslib\debug\graphicslib.tlog\lib-link.write.1.tlog
c:\users\tropi\documents\projectrepos\schoolprojects\game architecture\tristan&alex\finalproject\graphicslib\debug\graphicslib.tlog\lib.command.1.tlog
