c:\users\tropi\documents\projectrepos\schoolprojects\game architecture\tristan&alex\finalproject\debug\vc143.pdb
c:\users\tropi\documents\projectrepos\schoolprojects\game architecture\tristan&alex\finalproject\debug\vc143.idb
c:\users\tropi\documents\projectrepos\schoolprojects\game architecture\tristan&alex\finalproject\debug\main.obj
c:\users\tropi\documents\projectrepos\schoolprojects\game architecture\tristan&alex\finalproject\debug\inputtranslator.obj
c:\users\tropi\documents\projectrepos\schoolprojects\game architecture\tristan&alex\finalproject\debug\hud.obj
c:\users\tropi\documents\projectrepos\schoolprojects\game architecture\tristan&alex\finalproject\debug\gameevent.obj
c:\users\tropi\documents\projectrepos\schoolprojects\game architecture\tristan&alex\finalproject\debug\game.obj
c:\users\tropi\documents\projectrepos\schoolprojects\game architecture\tristan&alex\finalproject\debug\movemouseevent.obj
c:\users\tropi\documents\projectrepos\schoolprojects\game architecture\tristan&alex\finalproject\debug\uimenumanager.obj
c:\users\tropi\documents\projectrepos\schoolprojects\game architecture\tristan&alex\finalproject\debug\textmanager.obj
c:\users\tropi\documents\projectrepos\schoolprojects\game architecture\tristan&alex\finalproject\debug\playsoundevent.obj
c:\users\tropi\documents\projectrepos\schoolprojects\game architecture\tristan&alex\finalproject\debug\particlepool.obj
c:\users\tropi\documents\projectrepos\schoolprojects\game architecture\tristan&alex\finalproject\debug\particle.obj
c:\users\tropi\documents\projectrepos\schoolprojects\game architecture\tristan&alex\finalproject\debug\firegunevent.obj
c:\users\tropi\documents\projectrepos\schoolprojects\game architecture\tristan&alex\finalproject\debug\enemy.obj
c:\users\tropi\documents\projectrepos\schoolprojects\game architecture\tristan&alex\finalproject\debug\changeunitanimationspeedevent.obj
c:\users\tropi\documents\projectrepos\schoolprojects\game architecture\tristan&alex\finalproject\debug\changeunitanimationevent.obj
c:\users\tropi\documents\projectrepos\schoolprojects\game architecture\tristan&alex\finalproject\debug\changelanguageevent.obj
c:\users\tropi\documents\projectrepos\schoolprojects\game architecture\tristan&alex\finalproject\debug\buttonmanager.obj
c:\users\tropi\documents\projectrepos\schoolprojects\game architecture\tristan&alex\finalproject\debug\button.obj
c:\users\tropi\documents\projectrepos\schoolprojects\game architecture\tristan&alex\finalproject\debug\bullet.obj
c:\users\tropi\documents\projectrepos\schoolprojects\game architecture\tristan&alex\finalproject\debug\addtomessagelistevent.obj
c:\users\tropi\documents\projectrepos\schoolprojects\game architecture\tristan&alex\finalproject\debug\world.obj
c:\users\tropi\documents\projectrepos\schoolprojects\game architecture\tristan&alex\finalproject\debug\unitmanager.obj
c:\users\tropi\documents\projectrepos\schoolprojects\game architecture\tristan&alex\finalproject\debug\unit.obj
c:\users\tropi\documents\projectrepos\schoolprojects\game architecture\tristan&alex\finalproject\debug\uimenu.obj
c:\users\tropi\documents\projectrepos\schoolprojects\game architecture\tristan&alex\finalproject\debug\subtractpointsevent.obj
c:\users\tropi\documents\projectrepos\schoolprojects\game architecture\tristan&alex\finalproject\debug\soundmanager.obj
c:\users\tropi\documents\projectrepos\schoolprojects\game architecture\tristan&alex\finalproject\debug\player.obj
c:\users\tropi\documents\projectrepos\schoolprojects\game architecture\tristan&alex\finalproject\debug\clickbuttonevent.obj
c:\users\tropi\documents\projectrepos\schoolprojects\game architecture\tristan&alex\finalproject\debug\assignment2.exe
c:\users\tropi\documents\projectrepos\schoolprojects\game architecture\tristan&alex\finalproject\debug\assignment2.ilk
c:\users\tropi\documents\projectrepos\schoolprojects\game architecture\tristan&alex\finalproject\debug\assignment2.pdb
c:\users\tropi\documents\projectrepos\schoolprojects\game architecture\tristan&alex\finalproject\debug\assignment2.tlog\cl.command.1.tlog
c:\users\tropi\documents\projectrepos\schoolprojects\game architecture\tristan&alex\finalproject\debug\assignment2.tlog\cl.items.tlog
c:\users\tropi\documents\projectrepos\schoolprojects\game architecture\tristan&alex\finalproject\debug\assignment2.tlog\cl.read.1.tlog
c:\users\tropi\documents\projectrepos\schoolprojects\game architecture\tristan&alex\finalproject\debug\assignment2.tlog\cl.write.1.tlog
c:\users\tropi\documents\projectrepos\schoolprojects\game architecture\tristan&alex\finalproject\debug\assignment2.tlog\link.command.1.tlog
c:\users\tropi\documents\projectrepos\schoolprojects\game architecture\tristan&alex\finalproject\debug\assignment2.tlog\link.read.1.tlog
c:\users\tropi\documents\projectrepos\schoolprojects\game architecture\tristan&alex\finalproject\debug\assignment2.tlog\link.write.1.tlog
