c:\users\tropi\documents\projectrepos\schoolprojects\game architecture\shared\deanlib\lib\deanlibdebug.pdb
c:\users\tropi\documents\projectrepos\schoolprojects\game architecture\shared\deanlib\lib\deanlibdebug.idb
c:\users\tropi\documents\projectrepos\schoolprojects\game architecture\shared\deanlib\debug\vector2d.obj
c:\users\tropi\documents\projectrepos\schoolprojects\game architecture\shared\deanlib\debug\trackable.obj
c:\users\tropi\documents\projectrepos\schoolprojects\game architecture\shared\deanlib\debug\tinyxml2.obj
c:\users\tropi\documents\projectrepos\schoolprojects\game architecture\shared\deanlib\debug\timer.obj
c:\users\tropi\documents\projectrepos\schoolprojects\game architecture\shared\deanlib\debug\raycaster.obj
c:\users\tropi\documents\projectrepos\schoolprojects\game architecture\shared\deanlib\debug\performancetracker.obj
c:\users\tropi\documents\projectrepos\schoolprojects\game architecture\shared\deanlib\debug\memorytracker.obj
c:\users\tropi\documents\projectrepos\schoolprojects\game architecture\shared\deanlib\debug\memorypool.obj
c:\users\tropi\documents\projectrepos\schoolprojects\game architecture\shared\deanlib\debug\eventsystem.obj
c:\users\tropi\documents\projectrepos\schoolprojects\game architecture\shared\deanlib\debug\eventlistener.obj
c:\users\tropi\documents\projectrepos\schoolprojects\game architecture\shared\deanlib\debug\event.obj
c:\users\tropi\documents\projectrepos\schoolprojects\game architecture\shared\deanlib\debug\deanmath.obj
c:\users\tropi\documents\projectrepos\schoolprojects\game architecture\shared\deanlib\debug\deanlibutilities.obj
c:\users\tropi\documents\projectrepos\schoolprojects\game architecture\shared\deanlib\debug\datarepository.obj
c:\users\tropi\documents\projectrepos\schoolprojects\game architecture\shared\deanlib\lib\deanlibdebug.lib
c:\users\tropi\documents\projectrepos\schoolprojects\game architecture\shared\deanlib\debug\deanlib.tlog\cl.command.1.tlog
c:\users\tropi\documents\projectrepos\schoolprojects\game architecture\shared\deanlib\debug\deanlib.tlog\cl.items.tlog
c:\users\tropi\documents\projectrepos\schoolprojects\game architecture\shared\deanlib\debug\deanlib.tlog\cl.read.1.tlog
c:\users\tropi\documents\projectrepos\schoolprojects\game architecture\shared\deanlib\debug\deanlib.tlog\cl.write.1.tlog
c:\users\tropi\documents\projectrepos\schoolprojects\game architecture\shared\deanlib\debug\deanlib.tlog\lib-link.read.1.tlog
c:\users\tropi\documents\projectrepos\schoolprojects\game architecture\shared\deanlib\debug\deanlib.tlog\lib-link.write.1.tlog
c:\users\tropi\documents\projectrepos\schoolprojects\game architecture\shared\deanlib\debug\deanlib.tlog\lib.command.1.tlog
